2024-07-20 12:21:46,777 [INFO] Activator:176 - 


2024-07-20 12:21:46,779 [INFO] Activator:177 - !SESSION log4j initialized
2024-07-20 12:21:50,030 [INFO] LogOutputStream:77 - [STDOUT_REDIRECT] 
2024-07-20 12:21:51,478 [INFO] ApplicationProperties:184 - Using Application install path: C:\ST\STM32CubeIDE_1.15.1\STM32CubeIDE\plugins\com.st.stm32cube.common.mx_6.11.1.202404110753
2024-07-20 12:21:51,488 [INFO] DbMcusXml:78 - Set database path to: C:\ST\STM32CubeIDE_1.15.1\STM32CubeIDE\plugins\com.st.stm32cube.common.mx_6.11.1.202404110753\\db\/mcu/
2024-07-20 12:21:51,488 [INFO] ApiDb:274 - Set plugin database path to: C:\ST\STM32CubeIDE_1.15.1\STM32CubeIDE\plugins\com.st.stm32cube.common.mx_6.11.1.202404110753\\db\/plugins/boardmanager/
2024-07-20 12:21:51,496 [WARN] ApiDb:259 - Overriding images path with different value:  => C:\ST\STM32CubeIDE_1.15.1\STM32CubeIDE\plugins\com.st.stm32cube.common.mx_6.11.1.202404110753\\db\/plugins/mcufinder/images/
2024-07-20 12:21:51,503 [INFO] ApiDb:250 - Set database path to: C:\Users\chand\.stmcufinder\plugins\mcufinder//mcu/
2024-07-20 12:21:51,504 [INFO] DbMcusAds:125 - Set database path to: C:\Users\chand\.stmcufinder\plugins\mcufinder//mcu/
2024-07-20 12:21:51,505 [INFO] CrossReferenceDbSqlite:203 - Set database path to: C:\Users\chand\.stmcufinder\plugins\mcufinder//mcu/cs/
2024-07-20 12:21:51,565 [INFO] RulesReader:64 - Compatibility file has been processed (297 Rules)
2024-07-20 12:21:51,619 [INFO] DbMcusXml:78 - Set database path to: C:\ST\STM32CubeIDE_1.15.1\STM32CubeIDE\plugins\com.st.stm32cube.common.mx_6.11.1.202404110753\\db\/mcu/
2024-07-20 12:21:51,619 [INFO] ApiDb:274 - Set plugin database path to: C:\ST\STM32CubeIDE_1.15.1\STM32CubeIDE\plugins\com.st.stm32cube.common.mx_6.11.1.202404110753\\db\/plugins/boardmanager/
2024-07-20 12:21:51,619 [INFO] ApiDb:261 - Set plugin images path to: C:\ST\STM32CubeIDE_1.15.1\STM32CubeIDE\plugins\com.st.stm32cube.common.mx_6.11.1.202404110753\\db\/plugins/mcufinder/images/
2024-07-20 12:21:51,619 [WARN] DbFile:41 - Overriding database path with different value: C:\Users\chand\.stmcufinder\plugins\mcufinder/ => C:\Users\chand\.stmcufinder\plugins\mcufinder
2024-07-20 12:21:51,619 [INFO] ApiDb:250 - Set database path to: C:\Users\chand\.stmcufinder\plugins\mcufinder//mcu/
2024-07-20 12:21:51,619 [WARN] DbFile:41 - Overriding database path with different value: C:\Users\chand\.stmcufinder\plugins\mcufinder/ => C:\Users\chand\.stmcufinder\plugins\mcufinder
2024-07-20 12:21:51,619 [INFO] DbMcusAds:125 - Set database path to: C:\Users\chand\.stmcufinder\plugins\mcufinder//mcu/
2024-07-20 12:21:51,619 [WARN] DbFile:41 - Overriding database path with different value: C:\Users\chand\.stmcufinder\plugins\mcufinder/ => C:\Users\chand\.stmcufinder\plugins\mcufinder
2024-07-20 12:21:51,619 [WARN] DbFile:41 - Overriding database path with different value: C:\Users\chand\.stmcufinder\plugins\mcufinder/ => C:\Users\chand\.stmcufinder\plugins\mcufinder
2024-07-20 12:21:51,619 [INFO] CrossReferenceDbSqlite:203 - Set database path to: C:\Users\chand\.stmcufinder\plugins\mcufinder//mcu/cs/
2024-07-20 12:21:51,661 [INFO] MainPanel:264 - HeapMemory: 268435456
2024-07-20 12:21:51,709 [INFO] DbMcusXml:78 - Set database path to: C:\ST\STM32CubeIDE_1.15.1\STM32CubeIDE\plugins\com.st.stm32cube.common.mx_6.11.1.202404110753\\db\/mcu/
2024-07-20 12:21:51,709 [INFO] ApiDb:274 - Set plugin database path to: C:\ST\STM32CubeIDE_1.15.1\STM32CubeIDE\plugins\com.st.stm32cube.common.mx_6.11.1.202404110753\\db\/plugins/boardmanager/
2024-07-20 12:21:51,709 [INFO] ApiDb:261 - Set plugin images path to: C:\ST\STM32CubeIDE_1.15.1\STM32CubeIDE\plugins\com.st.stm32cube.common.mx_6.11.1.202404110753\\db\/plugins/mcufinder/images/
2024-07-20 12:21:51,709 [WARN] DbFile:41 - Overriding database path with different value: C:\Users\chand\.stmcufinder\plugins\mcufinder/ => C:\Users\chand\.stmcufinder\plugins\mcufinder
2024-07-20 12:21:51,709 [INFO] ApiDb:250 - Set database path to: C:\Users\chand\.stmcufinder\plugins\mcufinder//mcu/
2024-07-20 12:21:51,709 [WARN] DbFile:41 - Overriding database path with different value: C:\Users\chand\.stmcufinder\plugins\mcufinder/ => C:\Users\chand\.stmcufinder\plugins\mcufinder
2024-07-20 12:21:51,709 [INFO] DbMcusAds:125 - Set database path to: C:\Users\chand\.stmcufinder\plugins\mcufinder//mcu/
2024-07-20 12:21:51,709 [WARN] DbFile:41 - Overriding database path with different value: C:\Users\chand\.stmcufinder\plugins\mcufinder/ => C:\Users\chand\.stmcufinder\plugins\mcufinder
2024-07-20 12:21:51,709 [WARN] DbFile:41 - Overriding database path with different value: C:\Users\chand\.stmcufinder\plugins\mcufinder/ => C:\Users\chand\.stmcufinder\plugins\mcufinder
2024-07-20 12:21:51,709 [INFO] CrossReferenceDbSqlite:203 - Set database path to: C:\Users\chand\.stmcufinder\plugins\mcufinder//mcu/cs/
2024-07-20 12:21:51,720 [INFO] ApplicationProperties:184 - Using Application install path: C:\ST\STM32CubeIDE_1.15.1\STM32CubeIDE\plugins\com.st.stm32cube.common.mx_6.11.1.202404110753
2024-07-20 12:21:51,721 [INFO] PluginManage:196 - Search for loadable plugins [exclusion list=, ]
2024-07-20 12:21:51,722 [INFO] PluginManage:310 - Check plugin analytics
2024-07-20 12:21:51,836 [INFO] AnalyticsPlugin:253 - Accepted Software Licenses: STM32CubeMX.6.10.0
2024-07-20 12:21:51,836 [INFO] AnalyticsPlugin:255 - Accepted CMSIS Pack Licenses: STMicroelectronics.X-CUBE-TOUCHGFX.4.23.2,STMicroelectronics.X-CUBE-TOUCHGFX.4.24.0,STMicroelectronics.X-CUBE-TOUCHGFX.4.17.0
2024-07-20 12:21:51,836 [INFO] AnalyticsPlugin:257 - Accepted Firmware Licenses: FW.H7RS.1.0.0,FW.H7.1.11.0,FW.G4.1.5.0,FW.U5.1.5.0,FW.G0.1.6.0,FW.G0.1.5.0
2024-07-20 12:21:51,838 [INFO] PluginManage:359 - Loaded plugin analytics (category:tool,tabindex:-1)
2024-07-20 12:21:51,839 [INFO] PluginManage:310 - Check plugin cadmodel
2024-07-20 12:21:51,849 [INFO] CADModel:105 - Init CAD model plugin
2024-07-20 12:21:51,849 [INFO] PluginManage:359 - Loaded plugin cadmodel (category:power,tabindex:5)
2024-07-20 12:21:51,850 [INFO] PluginManage:310 - Check plugin clock
2024-07-20 12:21:51,862 [INFO] PluginManage:359 - Loaded plugin clock (category:base,tabindex:2)
2024-07-20 12:21:51,862 [INFO] PluginManage:310 - Check plugin ddr
2024-07-20 12:21:51,863 [INFO] PluginManage:359 - Loaded plugin ddr (category:tool,tabindex:6)
2024-07-20 12:21:51,863 [INFO] PluginManage:310 - Check plugin filemanager
2024-07-20 12:21:51,957 [INFO] PluginManage:359 - Loaded plugin filemanager (category:base,tabindex:10)
2024-07-20 12:21:51,957 [INFO] PluginManage:310 - Check plugin ipmanager
2024-07-20 12:21:51,962 [INFO] PluginManage:359 - Loaded plugin ipmanager (category:base,tabindex:5)
2024-07-20 12:21:51,962 [INFO] PluginManage:310 - Check plugin lpbam
2024-07-20 12:21:51,973 [INFO] PluginManage:359 - Loaded plugin lpbam (category:base,tabindex:0)
2024-07-20 12:21:51,973 [INFO] PluginManage:310 - Check plugin memorymap
2024-07-20 12:21:51,986 [INFO] PluginManage:359 - Loaded plugin memorymap (category:base,tabindex:4)
2024-07-20 12:21:51,986 [INFO] PluginManage:310 - Check plugin pinoutandconfiguration
2024-07-20 12:21:51,995 [INFO] PluginManage:359 - Loaded plugin pinoutandconfiguration (category:base,tabindex:1)
2024-07-20 12:21:51,995 [INFO] PluginManage:310 - Check plugin pinoutconfig
2024-07-20 12:21:52,047 [WARN] SupportedApi:132 - Cannot load RTOS API schema: s4s-elt-must-match.1: The content of 'definitions' must match (annotation?, (simpleType | complexType)?, (unique | key | keyref)*)). A problem was found starting at: attribute.
2024-07-20 12:21:52,117 [INFO] PluginManage:359 - Loaded plugin pinoutconfig (category:base,tabindex:0)
2024-07-20 12:21:52,117 [INFO] PluginManage:310 - Check plugin power
2024-07-20 12:21:52,128 [INFO] PluginManage:359 - Loaded plugin power (category:power,tabindex:4)
2024-07-20 12:21:52,128 [INFO] PluginManage:310 - Check plugin projectmanager
2024-07-20 12:21:52,136 [INFO] PluginManage:359 - Loaded plugin projectmanager (category:projectmanager,tabindex:3)
2024-07-20 12:21:52,137 [INFO] PluginManage:310 - Check plugin thirdparty
2024-07-20 12:21:52,281 [INFO] PluginManage:359 - Loaded plugin thirdparty (category:base,tabindex:-1)
2024-07-20 12:21:52,282 [INFO] PluginManage:310 - Check plugin tools
2024-07-20 12:21:52,281 [WARN] IntegrityCheckThread:84 - waiting for thirdparty lock release [integrity check]
2024-07-20 12:21:52,282 [INFO] IntegrityCheckThread:86 - entering critical section [integrity check]
2024-07-20 12:21:52,282 [INFO] ThirdPartyUpdaterWithRetryManager:70 - Updater plugin not ready yet. [1/15]
2024-07-20 12:21:52,300 [INFO] PluginManage:359 - Loaded plugin tools (category:base,tabindex:7)
2024-07-20 12:21:52,300 [INFO] PluginManage:310 - Check plugin tutovideos
2024-07-20 12:21:52,406 [INFO] PluginManage:359 - Loaded plugin tutovideos (category:base,tabindex:-1)
2024-07-20 12:21:52,406 [INFO] PluginManage:310 - Check plugin updater
2024-07-20 12:21:52,413 [INFO] PluginManage:359 - Loaded plugin updater (category:base,tabindex:12)
2024-07-20 12:21:52,413 [INFO] PluginManage:310 - Check plugin userauth
2024-07-20 12:21:52,416 [INFO] UserAuth:114 - Init User Auth plugin
2024-07-20 12:21:52,416 [INFO] PluginManage:359 - Loaded plugin userauth (category:base,tabindex:14)
2024-07-20 12:21:52,416 [INFO] PluginManage:283 - PluginManage : Loaded plugins [17]
2024-07-20 12:21:52,537 [INFO] PinOutPanel:1561 - setPackage(No Configuration,No Configuration)
2024-07-20 12:21:52,577 [INFO] CADModel:165 - CPN selected for project level
2024-07-20 12:21:52,577 [INFO] CADModel:114 - Register for checkConnection events
2024-07-20 12:21:52,593 [INFO] IPUIPlugin:80 - create IPUIPlugin
2024-07-20 12:21:52,593 [INFO] PluginManager:220 - loadIPPluginJar : add adc
2024-07-20 12:21:52,612 [INFO] IPUIPlugin:80 - create IPUIPlugin
2024-07-20 12:21:52,612 [INFO] PluginManager:220 - loadIPPluginJar : add aes
2024-07-20 12:21:52,634 [INFO] IPUIPlugin:80 - create IPUIPlugin
2024-07-20 12:21:52,634 [INFO] PluginManager:220 - loadIPPluginJar : add can
2024-07-20 12:21:52,648 [INFO] IPUIPlugin:80 - create IPUIPlugin
2024-07-20 12:21:52,648 [INFO] PluginManager:220 - loadIPPluginJar : add comp
2024-07-20 12:21:52,664 [INFO] IPUIPlugin:80 - create IPUIPlugin
2024-07-20 12:21:52,665 [INFO] PluginManager:220 - loadIPPluginJar : add cryp
2024-07-20 12:21:52,680 [INFO] IPUIPlugin:80 - create IPUIPlugin
2024-07-20 12:21:52,680 [INFO] PluginManager:220 - loadIPPluginJar : add dfsdm
2024-07-20 12:21:52,687 [INFO] IPUIPlugin:80 - create IPUIPlugin
2024-07-20 12:21:52,687 [INFO] PluginManager:220 - loadIPPluginJar : add dma
2024-07-20 12:21:52,711 [INFO] IPUIPlugin:80 - create IPUIPlugin
2024-07-20 12:21:52,711 [INFO] PluginManager:220 - loadIPPluginJar : add dma3
2024-07-20 12:21:52,736 [INFO] IPUIPlugin:80 - create IPUIPlugin
2024-07-20 12:21:52,736 [INFO] PluginManager:220 - loadIPPluginJar : add extmemmanager
2024-07-20 12:21:52,746 [INFO] IPUIPlugin:80 - create IPUIPlugin
2024-07-20 12:21:52,746 [INFO] PluginManager:220 - loadIPPluginJar : add fatfs
2024-07-20 12:21:52,770 [INFO] IPUIPlugin:80 - create IPUIPlugin
2024-07-20 12:21:52,770 [INFO] PluginManager:220 - loadIPPluginJar : add fmc
2024-07-20 12:21:52,777 [INFO] IPUIPlugin:80 - create IPUIPlugin
2024-07-20 12:21:52,778 [INFO] PluginManager:220 - loadIPPluginJar : add freertos
2024-07-20 12:21:52,788 [INFO] IPUIPlugin:80 - create IPUIPlugin
2024-07-20 12:21:52,788 [INFO] PluginManager:220 - loadIPPluginJar : add genericplugin
2024-07-20 12:21:52,835 [INFO] IPUIPlugin:80 - create IPUIPlugin
2024-07-20 12:21:52,835 [INFO] PluginManager:220 - loadIPPluginJar : add gfxmmu
2024-07-20 12:21:52,900 [INFO] IPUIPlugin:80 - create IPUIPlugin
2024-07-20 12:21:52,900 [INFO] PluginManager:220 - loadIPPluginJar : add gic
2024-07-20 12:21:52,907 [INFO] IPUIPlugin:80 - create IPUIPlugin
2024-07-20 12:21:52,907 [INFO] PluginManager:220 - loadIPPluginJar : add gpio
2024-07-20 12:21:52,952 [INFO] IPUIPlugin:80 - create IPUIPlugin
2024-07-20 12:21:52,952 [INFO] PluginManager:220 - loadIPPluginJar : add gtzc
2024-07-20 12:21:52,969 [INFO] IPUIPlugin:80 - create IPUIPlugin
2024-07-20 12:21:52,969 [INFO] PluginManager:220 - loadIPPluginJar : add hash
2024-07-20 12:21:52,994 [INFO] IPUIPlugin:80 - create IPUIPlugin
2024-07-20 12:21:52,994 [INFO] PluginManager:220 - loadIPPluginJar : add i2c
2024-07-20 12:21:53,014 [INFO] IPUIPlugin:80 - create IPUIPlugin
2024-07-20 12:21:53,014 [INFO] PluginManager:220 - loadIPPluginJar : add i2s
2024-07-20 12:21:53,036 [INFO] IPUIPlugin:80 - create IPUIPlugin
2024-07-20 12:21:53,036 [INFO] PluginManager:220 - loadIPPluginJar : add i3c
2024-07-20 12:21:53,085 [INFO] IPUIPlugin:80 - create IPUIPlugin
2024-07-20 12:21:53,085 [INFO] PluginManager:220 - loadIPPluginJar : add ipddr
2024-07-20 12:21:53,132 [INFO] IPUIPlugin:80 - create IPUIPlugin
2024-07-20 12:21:53,132 [INFO] PluginManager:220 - loadIPPluginJar : add linkedlist
2024-07-20 12:21:53,150 [INFO] IPUIPlugin:80 - create IPUIPlugin
2024-07-20 12:21:53,151 [INFO] PluginManager:220 - loadIPPluginJar : add lorawan
2024-07-20 12:21:53,169 [INFO] IPUIPlugin:80 - create IPUIPlugin
2024-07-20 12:21:53,169 [INFO] PluginManager:220 - loadIPPluginJar : add ltdc
2024-07-20 12:21:53,178 [INFO] IPUIPlugin:80 - create IPUIPlugin
2024-07-20 12:21:53,178 [INFO] PluginManager:220 - loadIPPluginJar : add mdma
2024-07-20 12:21:53,185 [INFO] IPUIPlugin:80 - create IPUIPlugin
2024-07-20 12:21:53,185 [INFO] PluginManager:220 - loadIPPluginJar : add nvic
2024-07-20 12:21:53,203 [INFO] IPUIPlugin:80 - create IPUIPlugin
2024-07-20 12:21:53,203 [INFO] PluginManager:220 - loadIPPluginJar : add opamp
2024-07-20 12:21:53,234 [INFO] IPUIPlugin:80 - create IPUIPlugin
2024-07-20 12:21:53,234 [INFO] PluginManager:220 - loadIPPluginJar : add openamp
2024-07-20 12:21:53,256 [INFO] IPUIPlugin:80 - create IPUIPlugin
2024-07-20 12:21:53,256 [INFO] PluginManager:220 - loadIPPluginJar : add pdm2pcm
2024-07-20 12:21:53,264 [INFO] IPUIPlugin:80 - create IPUIPlugin
2024-07-20 12:21:53,265 [INFO] PluginManager:220 - loadIPPluginJar : add plateformsettings
2024-07-20 12:21:53,277 [INFO] IPUIPlugin:80 - create IPUIPlugin
2024-07-20 12:21:53,277 [INFO] PluginManager:220 - loadIPPluginJar : add quadspi
2024-07-20 12:21:53,284 [INFO] IPUIPlugin:80 - create IPUIPlugin
2024-07-20 12:21:53,284 [INFO] PluginManager:220 - loadIPPluginJar : add resmgrutility
2024-07-20 12:21:53,307 [INFO] IPUIPlugin:80 - create IPUIPlugin
2024-07-20 12:21:53,307 [INFO] PluginManager:220 - loadIPPluginJar : add sai
2024-07-20 12:21:53,327 [INFO] IPUIPlugin:80 - create IPUIPlugin
2024-07-20 12:21:53,327 [INFO] PluginManager:220 - loadIPPluginJar : add spi
2024-07-20 12:21:53,361 [INFO] IPUIPlugin:80 - create IPUIPlugin
2024-07-20 12:21:53,361 [INFO] PluginManager:220 - loadIPPluginJar : add stm32_wpan
2024-07-20 12:21:53,372 [INFO] IPUIPlugin:80 - create IPUIPlugin
2024-07-20 12:21:53,372 [INFO] PluginManager:220 - loadIPPluginJar : add tim
2024-07-20 12:21:53,402 [INFO] IPUIPlugin:80 - create IPUIPlugin
2024-07-20 12:21:53,403 [INFO] PluginManager:220 - loadIPPluginJar : add touchsensing
2024-07-20 12:21:53,414 [INFO] IPUIPlugin:80 - create IPUIPlugin
2024-07-20 12:21:53,415 [INFO] PluginManager:220 - loadIPPluginJar : add tracer_emb
2024-07-20 12:21:53,427 [INFO] IPUIPlugin:80 - create IPUIPlugin
2024-07-20 12:21:53,427 [INFO] PluginManager:220 - loadIPPluginJar : add ts
2024-07-20 12:21:53,438 [INFO] IPUIPlugin:80 - create IPUIPlugin
2024-07-20 12:21:53,438 [INFO] PluginManager:220 - loadIPPluginJar : add tsc
2024-07-20 12:21:53,449 [INFO] IPUIPlugin:80 - create IPUIPlugin
2024-07-20 12:21:53,449 [INFO] PluginManager:220 - loadIPPluginJar : add ucpd
2024-07-20 12:21:53,472 [INFO] IPUIPlugin:80 - create IPUIPlugin
2024-07-20 12:21:53,472 [INFO] PluginManager:220 - loadIPPluginJar : add usart
2024-07-20 12:21:53,493 [INFO] IPUIPlugin:80 - create IPUIPlugin
2024-07-20 12:21:53,493 [INFO] PluginManager:220 - loadIPPluginJar : add usbx
2024-07-20 12:21:53,596 [INFO] CADModel:165 - CPN selected for project level
2024-07-20 12:21:53,596 [INFO] CADModel:114 - Register for checkConnection events
2024-07-20 12:21:53,596 [FATAL] Updater:308 - Updater called before beeing initialized
2024-07-20 12:21:53,596 [ERROR] CADModel:125 - Updater not yet initialized, retry later 
2024-07-20 12:21:53,668 [INFO] CADModel:165 - CPN selected for project level
2024-07-20 12:21:53,668 [INFO] CADModel:114 - Register for checkConnection events
2024-07-20 12:21:53,668 [FATAL] Updater:308 - Updater called before beeing initialized
2024-07-20 12:21:53,668 [ERROR] CADModel:125 - Updater not yet initialized, retry later 
2024-07-20 12:21:53,670 [FATAL] Updater:308 - Updater called before beeing initialized
2024-07-20 12:21:53,723 [FATAL] Updater:308 - Updater called before beeing initialized
2024-07-20 12:21:53,729 [INFO] DbMcusAds:53 - JSON generation date=Thu May 16 18:22:01 KST 2024 (1715851321109)
2024-07-20 12:21:53,729 [FATAL] Updater:308 - Updater called before beeing initialized
2024-07-20 12:21:53,748 [WARN] DetailPanel:346 - Failed to get advertising image, set to default
2024-07-20 12:21:53,793 [FATAL] Updater:308 - Updater called before beeing initialized
2024-07-20 12:21:53,794 [FATAL] Updater:308 - Updater called before beeing initialized
2024-07-20 12:21:53,794 [FATAL] Updater:308 - Updater called before beeing initialized
2024-07-20 12:21:53,794 [WARN] DetailPanel:346 - Failed to get advertising image, set to default
2024-07-20 12:21:53,795 [FATAL] Updater:308 - Updater called before beeing initialized
2024-07-20 12:21:53,825 [ERROR] Updater:1120 - MainUpdater not yet initialized. External WinMGr cannot be set.
2024-07-20 12:21:53,831 [INFO] Updater:1056 - Updater Version found : 6.11.1
2024-07-20 12:21:53,843 [INFO] ApplicationProperties:184 - Using Application install path: C:\ST\STM32CubeIDE_1.15.1\STM32CubeIDE\plugins\com.st.stm32cube.common.mx_6.11.1.202404110753
2024-07-20 12:21:55,285 [INFO] ThirdPartyUpdaterWithRetryManager:70 - Updater plugin not ready yet. [2/15]
2024-07-20 12:21:55,422 [ERROR] LogOutputStream:75 - [STDERR_REDIRECT] Jul 20, 2024 12:21:55 PM java.util.prefs.WindowsPreferences <init>
2024-07-20 12:21:55,423 [ERROR] LogOutputStream:75 - [STDERR_REDIRECT] WARNING: Could not open/create prefs root node Software\JavaSoft\Prefs at root 0xffffffff80000002. Windows RegCreateKeyEx(...) returned error code 5.
2024-07-20 12:21:55,423 [ERROR] LogOutputStream:75 - [STDERR_REDIRECT] 
2024-07-20 12:21:55,772 [INFO] MainUpdater:2873 - connection check result : 10
2024-07-20 12:21:55,773 [INFO] MainUpdater:290 - Updater Check For Update Now.
2024-07-20 12:21:55,773 [INFO] MicroXplorer:498 - Change Database Version : DB.6.0.111
2024-07-20 12:21:55,785 [INFO] McuFinderGlobals:63 - Set McuFinder mode to 2 (CubeIDE integrated)
2024-07-20 12:21:55,795 [INFO] UserAuth:415 - Internet connection configuration mode: 1
2024-07-20 12:21:55,828 [INFO] JxBrowserEngine:152 - Initiate JxBrowser Engine with user profile folder
2024-07-20 12:21:55,941 [INFO] CheckServerUpdateThread:120 - End of CheckServer Thread
2024-07-20 12:21:57,965 [INFO] WebApp:161 - Instantiating new browser for Auth
2024-07-20 12:21:58,297 [INFO] WebApp:779 - Register for checkConnection events
2024-07-20 12:21:58,297 [INFO] WebApp:414 - Apply proxy settings
2024-07-20 12:21:58,297 [INFO] WebApp:499 - Chromium requires no authentication
2024-07-20 12:21:58,302 [INFO] WebApp:442 - Direct internet connection detected
2024-07-20 12:21:58,390 [WARN] PackLoader:240 - Cannot read IP mode file for STMicroelectronics.FP-SNS-MOTENVWB1.1.4.0
2024-07-20 12:21:58,400 [WARN] PackLoader:240 - Cannot read IP mode file for STMicroelectronics.X-CUBE-SMBUS.2.1.0
2024-07-20 12:21:58,409 [WARN] PackLoader:240 - Cannot read IP mode file for STMicroelectronics.X-CUBE-TOUCHGFX.4.23.2
2024-07-20 12:21:58,414 [INFO] WebApp:192 - Starting web application
2024-07-20 12:21:58,414 [INFO] WebApp:544 - Web application path used C:\ST\STM32CubeIDE_1.15.1\STM32CubeIDE\plugins\com.st.stm32cube.common.mx_6.11.1.202404110753\db\plugins\mcufinder\reactClient1\index.html
2024-07-20 12:21:58,487 [WARN] PackLoader:240 - Cannot read IP mode file for STMicroelectronics.X-CUBE-AZRTOS-F7.1.1.0
2024-07-20 12:21:58,496 [WARN] PackLoader:240 - Cannot read IP mode file for STMicroelectronics.FP-SNS-FLIGHT1.5.0.2
2024-07-20 12:21:58,504 [WARN] PackLoader:240 - Cannot read IP mode file for STMicroelectronics.X-CUBE-DISPLAY.3.0.0
2024-07-20 12:21:58,517 [WARN] PackLoader:240 - Cannot read IP mode file for STMicroelectronics.X-CUBE-BLE1.7.0.0
2024-07-20 12:21:58,525 [WARN] PackLoader:240 - Cannot read IP mode file for emotas.I-CUBE-CANOPEN.1.3.0
2024-07-20 12:21:58,534 [WARN] PackLoader:240 - Cannot read IP mode file for STMicroelectronics.X-CUBE-BLEMGR.3.1.0
2024-07-20 12:21:58,542 [WARN] PackLoader:240 - Cannot read IP mode file for STMicroelectronics.FP-SNS-SMARTAG2.1.2.0
2024-07-20 12:21:58,553 [INFO] LogOutputStream:77 - [STDOUT_REDIRECT] 1 : Invalid condition id : UX_CORESTACK_Condition cause : null
2024-07-20 12:21:58,554 [INFO] LogOutputStream:77 - [STDOUT_REDIRECT] 1 : Invalid condition id : UX_CORESTACK_Condition cause : null
2024-07-20 12:21:58,555 [INFO] LogOutputStream:77 - [STDOUT_REDIRECT] 1 : Invalid condition id : UX_CORESTACK_Condition cause : null
2024-07-20 12:21:58,555 [INFO] LogOutputStream:77 - [STDOUT_REDIRECT] 1 : Invalid condition id : UX_CORESTACK_Condition cause : null
2024-07-20 12:21:58,556 [INFO] LogOutputStream:77 - [STDOUT_REDIRECT] 1 : Invalid condition id : UX_CORESTACK_Condition cause : null
2024-07-20 12:21:58,557 [WARN] PackLoader:240 - Cannot read IP mode file for STMicroelectronics.X-CUBE-AZRTOS-WL.2.0.0
2024-07-20 12:21:58,567 [WARN] PackLoader:240 - Cannot read IP mode file for STMicroelectronics.FP-SNS-MOTENV1.5.0.0
2024-07-20 12:21:58,581 [WARN] PackLoader:240 - Cannot read IP mode file for wolfSSL.I-CUBE-wolfMQTT.1.19.0
2024-07-20 12:21:58,592 [WARN] PackLoader:240 - Cannot read IP mode file for WES.I-CUBE-Cesium.1.3.0
2024-07-20 12:21:58,601 [WARN] PackLoader:240 - Cannot read IP mode file for STMicroelectronics.X-CUBE-BLE2.3.3.0
2024-07-20 12:21:58,610 [WARN] PackLoader:240 - Cannot read IP mode file for STMicroelectronics.X-CUBE-TCPP.4.1.0
2024-07-20 12:21:58,625 [WARN] PackLoader:240 - Cannot read IP mode file for STMicroelectronics.X-CUBE-AZRTOS-G0.1.1.0
2024-07-20 12:21:58,633 [WARN] PackLoader:240 - Cannot read IP mode file for STMicroelectronics.X-CUBE-SAFEA1.1.2.2
2024-07-20 12:21:58,641 [WARN] PackLoader:240 - Cannot read IP mode file for STMicroelectronics.X-CUBE-NFC4.3.0.0
2024-07-20 12:21:58,647 [WARN] PackLoader:240 - Cannot read IP mode file for wolfSSL.I-CUBE-wolfMQTT.1.18.0
2024-07-20 12:21:58,657 [WARN] PackLoader:240 - Cannot read IP mode file for EmbeddedOffice.I-CUBE-FS-RTOS.1.0.1
2024-07-20 12:21:58,657 [ERROR] ConditionMgr:805 - Attr not supported : Dmpu
2024-07-20 12:21:58,657 [ERROR] ConditionMgr:805 - Attr not supported : Dmpu
2024-07-20 12:21:58,657 [ERROR] ConditionMgr:805 - Attr not supported : Dmpu
2024-07-20 12:21:58,657 [ERROR] ConditionMgr:805 - Attr not supported : Dmpu
2024-07-20 12:21:58,657 [ERROR] ConditionMgr:805 - Attr not supported : Dmpu
2024-07-20 12:21:58,657 [ERROR] ConditionMgr:805 - Attr not supported : Dmpu
2024-07-20 12:21:58,657 [ERROR] ConditionMgr:805 - Attr not supported : Dmpu
2024-07-20 12:21:58,657 [ERROR] ConditionMgr:805 - Attr not supported : Dmpu
2024-07-20 12:21:58,657 [ERROR] ConditionMgr:805 - Attr not supported : Dmpu
2024-07-20 12:21:58,657 [ERROR] ConditionMgr:805 - Attr not supported : Dmpu
2024-07-20 12:21:58,657 [ERROR] ConditionMgr:805 - Attr not supported : Dmpu
2024-07-20 12:21:58,657 [ERROR] ConditionMgr:805 - Attr not supported : Dmpu
2024-07-20 12:21:58,657 [ERROR] ConditionMgr:805 - Attr not supported : Dmpu
2024-07-20 12:21:58,657 [ERROR] ConditionMgr:805 - Attr not supported : Dmpu
2024-07-20 12:21:58,657 [ERROR] ConditionMgr:805 - Attr not supported : Dmpu
2024-07-20 12:21:58,657 [ERROR] ConditionMgr:805 - Attr not supported : Dmpu
2024-07-20 12:21:58,657 [ERROR] ConditionMgr:805 - Attr not supported : Dmpu
2024-07-20 12:21:58,657 [ERROR] ConditionMgr:805 - Attr not supported : Dmpu
2024-07-20 12:21:58,657 [ERROR] ConditionMgr:805 - Attr not supported : Dmpu
2024-07-20 12:21:58,657 [ERROR] ConditionMgr:805 - Attr not supported : Dmpu
2024-07-20 12:21:58,657 [ERROR] ConditionMgr:805 - Attr not supported : Dmpu
2024-07-20 12:21:58,658 [ERROR] ConditionMgr:805 - Attr not supported : Dmpu
2024-07-20 12:21:58,658 [ERROR] ConditionMgr:805 - Attr not supported : Dmpu
2024-07-20 12:21:58,658 [ERROR] ConditionMgr:805 - Attr not supported : Dmpu
2024-07-20 12:21:58,658 [ERROR] ConditionMgr:805 - Attr not supported : Dmpu
2024-07-20 12:21:58,658 [ERROR] ConditionMgr:805 - Attr not supported : Dmpu
2024-07-20 12:21:58,658 [ERROR] ConditionMgr:805 - Attr not supported : Dmpu
2024-07-20 12:21:58,658 [ERROR] ConditionMgr:805 - Attr not supported : Dmpu
2024-07-20 12:21:58,658 [ERROR] ConditionMgr:805 - Attr not supported : Dmpu
2024-07-20 12:21:58,658 [ERROR] ConditionMgr:805 - Attr not supported : Dmpu
2024-07-20 12:21:58,658 [ERROR] ConditionMgr:805 - Attr not supported : Dmpu
2024-07-20 12:21:58,658 [ERROR] ConditionMgr:805 - Attr not supported : Dmpu
2024-07-20 12:21:58,658 [ERROR] ConditionMgr:805 - Attr not supported : Dmpu
2024-07-20 12:21:58,658 [ERROR] ConditionMgr:805 - Attr not supported : Dmpu
2024-07-20 12:21:58,658 [ERROR] ConditionMgr:805 - Attr not supported : Dmpu
2024-07-20 12:21:58,658 [ERROR] ConditionMgr:805 - Attr not supported : Dmpu
2024-07-20 12:21:58,658 [ERROR] ConditionMgr:805 - Attr not supported : Dmpu
2024-07-20 12:21:58,658 [ERROR] ConditionMgr:805 - Attr not supported : Dmpu
2024-07-20 12:21:58,658 [ERROR] ConditionMgr:805 - Attr not supported : Dmpu
2024-07-20 12:21:58,658 [ERROR] ConditionMgr:805 - Attr not supported : Dmpu
2024-07-20 12:21:58,658 [ERROR] ConditionMgr:805 - Attr not supported : Dmpu
2024-07-20 12:21:58,658 [ERROR] ConditionMgr:805 - Attr not supported : Dmpu
2024-07-20 12:21:58,658 [ERROR] ConditionMgr:805 - Attr not supported : Dmpu
2024-07-20 12:21:58,658 [ERROR] ConditionMgr:805 - Attr not supported : Dmpu
2024-07-20 12:21:58,658 [ERROR] ConditionMgr:805 - Attr not supported : Dmpu
2024-07-20 12:21:58,658 [ERROR] ConditionMgr:805 - Attr not supported : Dmpu
2024-07-20 12:21:58,658 [ERROR] ConditionMgr:805 - Attr not supported : Dmpu
2024-07-20 12:21:58,658 [ERROR] ConditionMgr:805 - Attr not supported : Dmpu
2024-07-20 12:21:58,658 [ERROR] ConditionMgr:805 - Attr not supported : Dmpu
2024-07-20 12:21:58,658 [ERROR] ConditionMgr:805 - Attr not supported : Dmpu
2024-07-20 12:21:58,658 [ERROR] ConditionMgr:805 - Attr not supported : Dmpu
2024-07-20 12:21:58,658 [ERROR] ConditionMgr:805 - Attr not supported : Dmpu
2024-07-20 12:21:58,658 [ERROR] ConditionMgr:805 - Attr not supported : Dmpu
2024-07-20 12:21:58,658 [ERROR] ConditionMgr:805 - Attr not supported : Dmpu
2024-07-20 12:21:58,658 [ERROR] ConditionMgr:805 - Attr not supported : Dmpu
2024-07-20 12:21:58,658 [ERROR] ConditionMgr:805 - Attr not supported : Dmpu
2024-07-20 12:21:58,658 [ERROR] ConditionMgr:805 - Attr not supported : Dmpu
2024-07-20 12:21:58,659 [ERROR] ConditionMgr:805 - Attr not supported : Dmpu
2024-07-20 12:21:58,659 [ERROR] ConditionMgr:805 - Attr not supported : Dmpu
2024-07-20 12:21:58,659 [ERROR] ConditionMgr:805 - Attr not supported : Dmpu
2024-07-20 12:21:58,659 [ERROR] ConditionMgr:805 - Attr not supported : Dmpu
2024-07-20 12:21:58,659 [ERROR] ConditionMgr:805 - Attr not supported : Dmpu
2024-07-20 12:21:58,659 [ERROR] ConditionMgr:805 - Attr not supported : Dmpu
2024-07-20 12:21:58,659 [ERROR] ConditionMgr:805 - Attr not supported : Dmpu
2024-07-20 12:21:58,666 [WARN] PackLoader:240 - Cannot read IP mode file for STMicroelectronics.X-CUBE-TOUCHGFX.4.17.0
2024-07-20 12:21:58,699 [WARN] PackLoader:240 - Cannot read IP mode file for RealThread.X-CUBE-RT-Thread_Nano.4.1.1
2024-07-20 12:21:58,706 [WARN] PackLoader:240 - Cannot read IP mode file for wolfSSL.I-CUBE-wolfSSL.5.7.0
2024-07-20 12:21:58,713 [WARN] PackLoader:240 - Cannot read IP mode file for STMicroelectronics.FP-ATR-SIGFOX1.3.2.0
2024-07-20 12:21:58,721 [WARN] PackLoader:240 - Cannot read IP mode file for STMicroelectronics.X-CUBE-EEPRMA1.5.1.0
2024-07-20 12:21:58,729 [WARN] PackLoader:240 - Cannot read IP mode file for ITTIA_DB.I-CUBE-ITTIADB.8.9.0
2024-07-20 12:21:58,747 [WARN] PackLoader:240 - Cannot read IP mode file for SEGGER.I-CUBE-embOS.1.3.1
2024-07-20 12:21:58,776 [WARN] PackLoader:240 - Cannot read IP mode file for STMicroelectronics.X-CUBE-ALGOBUILD.1.4.0
2024-07-20 12:21:58,786 [WARN] PackLoader:240 - Cannot read IP mode file for STMicroelectronics.X-CUBE-GNSS1.6.0.0
2024-07-20 12:21:58,800 [WARN] PackLoader:240 - Cannot read IP mode file for STMicroelectronics.X-CUBE-AZRTOS-F4.1.1.0
2024-07-20 12:21:58,808 [WARN] PackLoader:240 - Cannot read IP mode file for STMicroelectronics.X-CUBE-FREERTOS.1.2.0
2024-07-20 12:21:58,820 [WARN] PackLoader:240 - Cannot read IP mode file for STMicroelectronics.X-CUBE-AZRTOS-L5.2.0.0
2024-07-20 12:21:58,829 [WARN] PackLoader:240 - Cannot read IP mode file for STMicroelectronics.X-CUBE-NFC6.3.1.0
2024-07-20 12:21:58,837 [WARN] PackLoader:240 - Cannot read IP mode file for STMicroelectronics.X-CUBE-DPower.1.2.0
2024-07-20 12:21:58,843 [WARN] PackLoader:240 - Cannot read IP mode file for STMicroelectronics.X-CUBE-AI.9.0.0
2024-07-20 12:21:58,851 [WARN] PackLoader:240 - Cannot read IP mode file for STMicroelectronics.X-CUBE-NFC7.1.0.1
2024-07-20 12:21:58,858 [WARN] PackLoader:240 - Cannot read IP mode file for wolfSSL.I-CUBE-wolfTPM.3.2.0
2024-07-20 12:21:58,874 [WARN] ConditionMgr:438 - getConditionDescription Invalid condition id : LAN8742 Phy interface Condition cause : null
2024-07-20 12:21:58,874 [WARN] PackLoader:240 - Cannot read IP mode file for STMicroelectronics.X-CUBE-AZRTOS-L4.2.0.0
2024-07-20 12:21:58,875 [WARN] ConditionMgr:1039 - genDependencies : Invalid condition id : LAN8742 Phy interface Condition cause : null
2024-07-20 12:21:58,875 [WARN] ConditionMgr:1039 - genDependencies : Invalid condition id : LAN8742 Phy interface Condition cause : null
2024-07-20 12:21:58,875 [WARN] ConditionMgr:1039 - genDependencies : Invalid condition id : LAN8742 Phy interface Condition cause : null
2024-07-20 12:21:58,884 [WARN] PackLoader:240 - Cannot read IP mode file for STMicroelectronics.X-CUBE-SFXS2LP1.4.0.0
2024-07-20 12:21:58,896 [WARN] ConditionMgr:438 - getConditionDescription Invalid condition id : UX DEVICE CLASS RTOS Condition cause : null
2024-07-20 12:21:58,896 [WARN] ConditionMgr:438 - getConditionDescription Invalid condition id : UX DEVICE CLASS RTOS Condition cause : null
2024-07-20 12:21:58,897 [WARN] PackLoader:240 - Cannot read IP mode file for STMicroelectronics.X-CUBE-AZRTOS-WB.2.0.0
2024-07-20 12:21:58,897 [WARN] ConditionMgr:1039 - genDependencies : Invalid condition id : UX DEVICE CLASS RTOS Condition cause : null
2024-07-20 12:21:58,897 [WARN] ConditionMgr:1039 - genDependencies : Invalid condition id : UX DEVICE CLASS RTOS Condition cause : null
2024-07-20 12:21:58,897 [WARN] ConditionMgr:1039 - genDependencies : Invalid condition id : UX DEVICE CLASS RTOS Condition cause : null
2024-07-20 12:21:58,897 [WARN] ConditionMgr:1039 - genDependencies : Invalid condition id : UX DEVICE CLASS RTOS Condition cause : null
2024-07-20 12:21:58,897 [WARN] ConditionMgr:1039 - genDependencies : Invalid condition id : UX DEVICE CLASS RTOS Condition cause : null
2024-07-20 12:21:58,907 [WARN] PackLoader:240 - Cannot read IP mode file for STMicroelectronics.X-CUBE-SUBG2.5.0.0
2024-07-20 12:21:58,916 [WARN] PackLoader:240 - Cannot read IP mode file for Cesanta.I-CUBE-Mongoose.7.13.0
2024-07-20 12:21:58,928 [WARN] PackLoader:240 - Cannot read IP mode file for STMicroelectronics.X-CUBE-AZRTOS-G4.2.0.0
2024-07-20 12:21:58,936 [WARN] PackLoader:240 - Cannot read IP mode file for STMicroelectronics.X-CUBE-ISPU.2.0.0
2024-07-20 12:21:58,944 [WARN] PackLoader:240 - Cannot read IP mode file for STMicroelectronics.X-CUBE-ALS.1.0.2
2024-07-20 12:21:58,967 [WARN] PackLoader:240 - Cannot read IP mode file for STMicroelectronics.X-CUBE-MEMS1.10.0.0
2024-07-20 12:21:59,007 [WARN] PackLoader:240 - Cannot read IP mode file for STMicroelectronics.X-CUBE-TOUCHGFX.4.24.0
2024-07-20 12:21:59,043 [WARN] PackLoader:240 - Cannot read IP mode file for portGmbH.I-Cube-SoM-uGOAL.1.1.0
2024-07-20 12:21:59,057 [WARN] PackLoader:240 - Cannot read IP mode file for STMicroelectronics.X-CUBE-AZRTOS-H7RS.1.0.0
2024-07-20 12:21:59,065 [WARN] PackLoader:240 - Cannot read IP mode file for STMicroelectronics.FP-ATR-ASTRA1.2.0.0
2024-07-20 12:21:59,074 [WARN] PackLoader:240 - Cannot read IP mode file for STMicroelectronics.X-CUBE-TOF1.3.4.1
2024-07-20 12:21:59,090 [WARN] PackLoader:240 - Cannot read IP mode file for STMicroelectronics.X-CUBE-AZRTOS-H7.3.2.0
2024-07-20 12:21:59,102 [WARN] PackLoader:240 - Cannot read IP mode file for Infineon.AIROC-Wi-Fi-Bluetooth-STM32.1.6.0
2024-07-20 12:21:59,104 [INFO] ThirdParty:978 - Integrity check success = true
2024-07-20 12:21:59,104 [INFO] IntegrityCheckThread:100 - exiting critical section [integrity check]
2024-07-20 12:21:59,104 [INFO] IntegrityCheckThread:103 - End integrity checks thread
2024-07-20 12:22:12,250 [ERROR] LogOutputStream:75 - [STDERR_REDIRECT] 
2024-07-20 12:22:12,250 [ERROR] LogOutputStream:75 - [STDERR_REDIRECT] 
